Using pre-set license
Built from '2020.3/staging' branch; Version is '2020.3.5f1 (8095aa901b9b) revision 8426922'; Using compiler version '192528614'; Build Type 'Release'
OS: 'Windows 10 Home; OS build 18363.1500; Version 1909; 64bit' Language: 'es' Physical Memory: 16241 MB
BatchMode: 1, IsHumanControllingUs: 0, StartBugReporterOnCrash: 0, Is64bit: 1, IsPro: 0

 COMMAND LINE ARGUMENTS:
D:\unity\2020.3.5f1\Editor\Unity.exe
-adb2
-batchMode
-noUpm
-name
AssetImportWorker0
-projectPath
D:/git/Plataforma2D/Plataforma2D
-logFile
Logs/AssetImportWorker0.log
-srvPort
64861
Successfully changed project path to: D:/git/Plataforma2D/Plataforma2D
D:/git/Plataforma2D/Plataforma2D
Using Asset Import Pipeline V2.
Refreshing native plugins compatible for Editor in 41.14 ms, found 1 plugins.
Preloading 0 native plugins for Editor in 0.00 ms.
Initialize engine version: 2020.3.5f1 (8095aa901b9b)
[Subsystems] Discovering subsystems at path D:/unity/2020.3.5f1/Editor/Data/Resources/UnitySubsystems
[Subsystems] Discovering subsystems at path D:/git/Plataforma2D/Plataforma2D/Assets
GfxDevice: creating device client; threaded=0
Direct3D:
    Version:  Direct3D 11.0 [level 11.1]
    Renderer: NVIDIA GeForce GTX 960 (ID=0x1401)
    Vendor:   
    VRAM:     2007 MB
    Driver:   27.21.14.5730
Initialize mono
Mono path[0] = 'D:/unity/2020.3.5f1/Editor/Data/Managed'
Mono path[1] = 'D:/unity/2020.3.5f1/Editor/Data/MonoBleedingEdge/lib/mono/unityjit'
Mono config path = 'D:/unity/2020.3.5f1/Editor/Data/MonoBleedingEdge/etc'
Using monoOptions --debugger-agent=transport=dt_socket,embedding=1,server=y,suspend=n,address=127.0.0.1:56788
Begin MonoManager ReloadAssembly
Registering precompiled unity dll's ...
Register platform support module: D:/unity/2020.3.5f1/Editor/Data/PlaybackEngines/WindowsStandaloneSupport/UnityEditor.WindowsStandalone.Extensions.dll
Registered in 0.001058 seconds.
Native extension for WindowsStandalone target not found
Refreshing native plugins compatible for Editor in 45.48 ms, found 1 plugins.
Preloading 0 native plugins for Editor in 0.00 ms.
Mono: successfully reloaded assembly
- Completed reload, in  1.248 seconds
Platform modules already initialized, skipping
Registering precompiled user dll's ...
Registered in 0.000936 seconds.
Begin MonoManager ReloadAssembly
Native extension for WindowsStandalone target not found
Refreshing native plugins compatible for Editor in 40.29 ms, found 1 plugins.
Preloading 0 native plugins for Editor in 0.00 ms.
Mono: successfully reloaded assembly
- Completed reload, in  0.957 seconds
Platform modules already initialized, skipping
========================================================================
Worker process is ready to serve import requests
Launched and connected shader compiler UnityShaderCompiler.exe after 0.06 seconds
Refreshing native plugins compatible for Editor in 0.39 ms, found 1 plugins.
Preloading 0 native plugins for Editor in 0.00 ms.
Unloading 1814 Unused Serialized files (Serialized files now loaded: 0)
System memory in use before: 85.0 MB.
System memory in use after: 85.0 MB.

Unloading 24 unused Assets to reduce memory usage. Loaded Objects now: 2257.
Total: 2.089400 ms (FindLiveObjects: 0.196300 ms CreateObjectMapping: 0.067300 ms MarkObjects: 1.699200 ms  DeleteObjects: 0.125500 ms)

========================================================================
Received Import Request.
  path: Assets/Animations/Background.anim
  artifactKey: Guid(0531b696aa6a90f43a08506fc575f112) Importer(815301076,1909f56bfc062723c751e8b465ee728b)
Start importing Assets/Animations/Background.anim using Guid(0531b696aa6a90f43a08506fc575f112) Importer(815301076,1909f56bfc062723c751e8b465ee728b)  -> (artifact id: '6855196d66fcdcf6d853ac107cbfc65c') in 0.046683 seconds
  Import took 0.050382 seconds .

========================================================================
Received Import Request.
  Time since last request: 0.000290 seconds.
  path: Assets/Animations/Background.controller
  artifactKey: Guid(d7feb9098305fc148a769471b6c092f6) Importer(815301076,1909f56bfc062723c751e8b465ee728b)
Start importing Assets/Animations/Background.controller using Guid(d7feb9098305fc148a769471b6c092f6) Importer(815301076,1909f56bfc062723c751e8b465ee728b)  -> (artifact id: '7114d3f4b16d9027d067254dc52e2e96') in 0.005340 seconds
  Import took 0.009334 seconds .

========================================================================
Received Prepare
Registering precompiled user dll's ...
Registered in 0.001202 seconds.
Begin MonoManager ReloadAssembly
Native extension for WindowsStandalone target not found
Refreshing native plugins compatible for Editor in 0.42 ms, found 1 plugins.
Preloading 0 native plugins for Editor in 0.00 ms.
Mono: successfully reloaded assembly
- Completed reload, in  0.859 seconds
Platform modules already initialized, skipping
Refreshing native plugins compatible for Editor in 0.42 ms, found 1 plugins.
Preloading 0 native plugins for Editor in 0.00 ms.
Unloading 1809 Unused Serialized files (Serialized files now loaded: 0)
System memory in use before: 85.0 MB.
System memory in use after: 85.0 MB.

Unloading 12 unused Assets to reduce memory usage. Loaded Objects now: 2261.
Total: 2.516600 ms (FindLiveObjects: 0.289200 ms CreateObjectMapping: 0.079400 ms MarkObjects: 1.990700 ms  DeleteObjects: 0.155600 ms)

========================================================================
Received Prepare
Registering precompiled user dll's ...
Registered in 0.001151 seconds.
Begin MonoManager ReloadAssembly
Native extension for WindowsStandalone target not found
Refreshing native plugins compatible for Editor in 0.40 ms, found 1 plugins.
Preloading 0 native plugins for Editor in 0.00 ms.
Mono: successfully reloaded assembly
- Completed reload, in  0.839 seconds
Platform modules already initialized, skipping
Refreshing native plugins compatible for Editor in 0.39 ms, found 1 plugins.
Preloading 0 native plugins for Editor in 0.00 ms.
Unloading 1809 Unused Serialized files (Serialized files now loaded: 0)
System memory in use before: 85.0 MB.
System memory in use after: 85.0 MB.

Unloading 12 unused Assets to reduce memory usage. Loaded Objects now: 2265.
Total: 2.208900 ms (FindLiveObjects: 0.217400 ms CreateObjectMapping: 0.070500 ms MarkObjects: 1.815600 ms  DeleteObjects: 0.103600 ms)

========================================================================
Received Prepare
Registering precompiled user dll's ...
Registered in 0.001041 seconds.
Begin MonoManager ReloadAssembly
Native extension for WindowsStandalone target not found
Refreshing native plugins compatible for Editor in 0.51 ms, found 1 plugins.
Preloading 0 native plugins for Editor in 0.00 ms.
Mono: successfully reloaded assembly
- Completed reload, in  0.841 seconds
Platform modules already initialized, skipping
Refreshing native plugins compatible for Editor in 0.98 ms, found 1 plugins.
Preloading 0 native plugins for Editor in 0.00 ms.
Unloading 1809 Unused Serialized files (Serialized files now loaded: 0)
System memory in use before: 85.0 MB.
System memory in use after: 85.0 MB.

Unloading 12 unused Assets to reduce memory usage. Loaded Objects now: 2269.
Total: 2.459400 ms (FindLiveObjects: 0.363900 ms CreateObjectMapping: 0.105900 ms MarkObjects: 1.838000 ms  DeleteObjects: 0.149900 ms)

========================================================================
Received Prepare
Registering precompiled user dll's ...
Registered in 0.001086 seconds.
Begin MonoManager ReloadAssembly
Native extension for WindowsStandalone target not found
Refreshing native plugins compatible for Editor in 0.32 ms, found 1 plugins.
Preloading 0 native plugins for Editor in 0.00 ms.
Mono: successfully reloaded assembly
- Completed reload, in  0.837 seconds
Platform modules already initialized, skipping
Refreshing native plugins compatible for Editor in 0.35 ms, found 1 plugins.
Preloading 0 native plugins for Editor in 0.00 ms.
Unloading 1809 Unused Serialized files (Serialized files now loaded: 0)
System memory in use before: 85.1 MB.
System memory in use after: 85.0 MB.

Unloading 12 unused Assets to reduce memory usage. Loaded Objects now: 2273.
Total: 2.168400 ms (FindLiveObjects: 0.265600 ms CreateObjectMapping: 0.071400 ms MarkObjects: 1.672400 ms  DeleteObjects: 0.157800 ms)

========================================================================
Received Prepare
Registering precompiled user dll's ...
Registered in 0.000997 seconds.
Begin MonoManager ReloadAssembly
Native extension for WindowsStandalone target not found
Refreshing native plugins compatible for Editor in 0.32 ms, found 1 plugins.
Preloading 0 native plugins for Editor in 0.00 ms.
Mono: successfully reloaded assembly
- Completed reload, in  0.834 seconds
Platform modules already initialized, skipping
Refreshing native plugins compatible for Editor in 0.43 ms, found 1 plugins.
Preloading 0 native plugins for Editor in 0.00 ms.
Unloading 1809 Unused Serialized files (Serialized files now loaded: 0)
System memory in use before: 85.1 MB.
System memory in use after: 85.1 MB.

Unloading 12 unused Assets to reduce memory usage. Loaded Objects now: 2277.
Total: 2.013300 ms (FindLiveObjects: 0.213100 ms CreateObjectMapping: 0.079600 ms MarkObjects: 1.596100 ms  DeleteObjects: 0.123500 ms)

========================================================================
Received Prepare
Registering precompiled user dll's ...
Registered in 0.001254 seconds.
Begin MonoManager ReloadAssembly
Native extension for WindowsStandalone target not found
Refreshing native plugins compatible for Editor in 0.53 ms, found 1 plugins.
Preloading 0 native plugins for Editor in 0.00 ms.
Mono: successfully reloaded assembly
- Completed reload, in  0.842 seconds
Platform modules already initialized, skipping
Refreshing native plugins compatible for Editor in 0.50 ms, found 1 plugins.
Preloading 0 native plugins for Editor in 0.00 ms.
Unloading 1809 Unused Serialized files (Serialized files now loaded: 0)
System memory in use before: 85.1 MB.
System memory in use after: 85.1 MB.

Unloading 12 unused Assets to reduce memory usage. Loaded Objects now: 2281.
Total: 2.291000 ms (FindLiveObjects: 0.282700 ms CreateObjectMapping: 0.103400 ms MarkObjects: 1.786400 ms  DeleteObjects: 0.116900 ms)

========================================================================
Received Prepare
Registering precompiled user dll's ...
Registered in 0.001375 seconds.
Begin MonoManager ReloadAssembly
Native extension for WindowsStandalone target not found
Refreshing native plugins compatible for Editor in 0.70 ms, found 1 plugins.
Preloading 0 native plugins for Editor in 0.00 ms.
Mono: successfully reloaded assembly
- Completed reload, in  1.325 seconds
Platform modules already initialized, skipping
Refreshing native plugins compatible for Editor in 1.11 ms, found 1 plugins.
Preloading 0 native plugins for Editor in 0.00 ms.
Unloading 1809 Unused Serialized files (Serialized files now loaded: 0)
System memory in use before: 85.1 MB.
System memory in use after: 85.1 MB.

Unloading 12 unused Assets to reduce memory usage. Loaded Objects now: 2285.
Total: 2.403400 ms (FindLiveObjects: 0.213100 ms CreateObjectMapping: 0.072200 ms MarkObjects: 2.002900 ms  DeleteObjects: 0.114200 ms)

========================================================================
Received Prepare
Registering precompiled user dll's ...
Registered in 0.001083 seconds.
Begin MonoManager ReloadAssembly
Native extension for WindowsStandalone target not found
Refreshing native plugins compatible for Editor in 0.49 ms, found 1 plugins.
Preloading 0 native plugins for Editor in 0.00 ms.
Mono: successfully reloaded assembly
- Completed reload, in  0.895 seconds
Platform modules already initialized, skipping
Refreshing native plugins compatible for Editor in 0.43 ms, found 1 plugins.
Preloading 0 native plugins for Editor in 0.00 ms.
Unloading 1812 Unused Serialized files (Serialized files now loaded: 0)
System memory in use before: 85.2 MB.
System memory in use after: 85.2 MB.

Unloading 12 unused Assets to reduce memory usage. Loaded Objects now: 2292.
Total: 2.460000 ms (FindLiveObjects: 0.291700 ms CreateObjectMapping: 0.086400 ms MarkObjects: 1.937400 ms  DeleteObjects: 0.143100 ms)

========================================================================
Received Import Request.
  Time since last request: 726.678682 seconds.
  path: Assets/HealthHeartSystem/Scripts
  artifactKey: Guid(05fab8bcb2bc0d141b51be88e3d32009) Importer(815301076,1909f56bfc062723c751e8b465ee728b)
Start importing Assets/HealthHeartSystem/Scripts using Guid(05fab8bcb2bc0d141b51be88e3d32009) Importer(815301076,1909f56bfc062723c751e8b465ee728b)  -> (artifact id: '08ddc1fd74b668af3cf2de13e32b3ba7') in 0.009640 seconds
  Import took 0.012909 seconds .

========================================================================
Received Import Request.
  Time since last request: 1.716831 seconds.
  path: Assets/HealthHeartSystem/Scripts/HealthBarController.cs
  artifactKey: Guid(5c0f78e4acfe21a4594760304164796e) Importer(815301076,1909f56bfc062723c751e8b465ee728b)
Start importing Assets/HealthHeartSystem/Scripts/HealthBarController.cs using Guid(5c0f78e4acfe21a4594760304164796e) Importer(815301076,1909f56bfc062723c751e8b465ee728b)  -> (artifact id: 'fbfcda24fe38e196882753bc5a3647d9') in 0.009856 seconds
  Import took 0.013614 seconds .

========================================================================
Received Import Request.
  Time since last request: 8.378256 seconds.
  path: Assets/HealthHeartSystem/Prefabs/HeartContainer.prefab
  artifactKey: Guid(677e3f20f0ab76a45bd59d5b73b0b446) Importer(815301076,1909f56bfc062723c751e8b465ee728b)
Start importing Assets/HealthHeartSystem/Prefabs/HeartContainer.prefab using Guid(677e3f20f0ab76a45bd59d5b73b0b446) Importer(815301076,1909f56bfc062723c751e8b465ee728b)  -> (artifact id: '3813fbbf64b67e542560f4c0c57eb83b') in 0.037380 seconds
  Import took 0.041603 seconds .

========================================================================
Received Import Request.
  Time since last request: 0.750834 seconds.
  path: Assets/HealthHeartSystem/Graphics/mini-heart.png
  artifactKey: Guid(fed24bd82cefc0c4a8ef64dab6231b53) Importer(815301076,1909f56bfc062723c751e8b465ee728b)
Start importing Assets/HealthHeartSystem/Graphics/mini-heart.png using Guid(fed24bd82cefc0c4a8ef64dab6231b53) Importer(815301076,1909f56bfc062723c751e8b465ee728b)  -> (artifact id: '39720d9a05e2dcc38a895eced2fb814e') in 0.070599 seconds
  Import took 0.074816 seconds .

========================================================================
Received Import Request.
  Time since last request: 1.899884 seconds.
  path: Assets/HealthHeartSystem/Fonts/TinyUnicode.ttf
  artifactKey: Guid(f385d0af027fa3b4c88d921455a73928) Importer(815301076,1909f56bfc062723c751e8b465ee728b)
Start importing Assets/HealthHeartSystem/Fonts/TinyUnicode.ttf using Guid(f385d0af027fa3b4c88d921455a73928) Importer(815301076,1909f56bfc062723c751e8b465ee728b)  -> (artifact id: '44c85f905d484c926f192760b4748e2f') in 0.055936 seconds
  Import took 0.059257 seconds .

========================================================================
Received Prepare
Registering precompiled user dll's ...
Registered in 0.001680 seconds.
Begin MonoManager ReloadAssembly
Native extension for WindowsStandalone target not found
Refreshing native plugins compatible for Editor in 0.40 ms, found 1 plugins.
Preloading 0 native plugins for Editor in 0.00 ms.
Mono: successfully reloaded assembly
- Completed reload, in  0.844 seconds
Platform modules already initialized, skipping
Refreshing native plugins compatible for Editor in 0.45 ms, found 1 plugins.
Preloading 0 native plugins for Editor in 0.00 ms.
Unloading 1809 Unused Serialized files (Serialized files now loaded: 0)
System memory in use before: 88.6 MB.
System memory in use after: 88.5 MB.

Unloading 15 unused Assets to reduce memory usage. Loaded Objects now: 2341.
Total: 2.477000 ms (FindLiveObjects: 0.230700 ms CreateObjectMapping: 0.061300 ms MarkObjects: 2.080100 ms  DeleteObjects: 0.104000 ms)

========================================================================
Received Import Request.
  Time since last request: 481.184299 seconds.
  path: Assets/Pixel Adventure 1/Assets/Items/Item 3-1.png.png
  artifactKey: Guid(c0c37457a64bc014cae3287526698671) Importer(815301076,1909f56bfc062723c751e8b465ee728b)
Start importing Assets/Pixel Adventure 1/Assets/Items/Item 3-1.png.png using Guid(c0c37457a64bc014cae3287526698671) Importer(815301076,1909f56bfc062723c751e8b465ee728b)  -> (artifact id: 'b5b9dfb4361ea1bfba0821148f423706') in 0.059631 seconds
  Import took 0.063830 seconds .

========================================================================
Received Prepare
Registering precompiled user dll's ...
Registered in 0.001398 seconds.
Begin MonoManager ReloadAssembly
Native extension for WindowsStandalone target not found
Refreshing native plugins compatible for Editor in 0.39 ms, found 1 plugins.
Preloading 0 native plugins for Editor in 0.00 ms.
Mono: successfully reloaded assembly
- Completed reload, in  0.931 seconds
Platform modules already initialized, skipping
Refreshing native plugins compatible for Editor in 0.35 ms, found 1 plugins.
Preloading 0 native plugins for Editor in 0.00 ms.
Unloading 1809 Unused Serialized files (Serialized files now loaded: 0)
System memory in use before: 88.6 MB.
System memory in use after: 88.5 MB.

Unloading 12 unused Assets to reduce memory usage. Loaded Objects now: 2348.
Total: 3.294400 ms (FindLiveObjects: 0.348600 ms CreateObjectMapping: 0.099200 ms MarkObjects: 2.686800 ms  DeleteObjects: 0.158200 ms)

========================================================================
Received Import Request.
  Time since last request: 493.484114 seconds.
  path: Assets/Pixel Adventure 1/Assets/Main Characters/Ninja Frog/AnimationsFrog/Hit (32x32)_0.controller
  artifactKey: Guid(ea3214d326f379649bfd3d748679c4a2) Importer(815301076,1909f56bfc062723c751e8b465ee728b)
Start importing Assets/Pixel Adventure 1/Assets/Main Characters/Ninja Frog/AnimationsFrog/Hit (32x32)_0.controller using Guid(ea3214d326f379649bfd3d748679c4a2) Importer(815301076,1909f56bfc062723c751e8b465ee728b)  -> (artifact id: 'abf118319545601d3efe249ca0bc8de1') in 0.021473 seconds
  Import took 0.025553 seconds .

========================================================================
Received Import Request.
  Time since last request: 26.902684 seconds.
  path: Assets/Pixel Adventure 1/Assets/Main Characters/Ninja Frog/AnimationsFrog/Jump.anim
  artifactKey: Guid(6ead662978538454cbb276ccaf8372a2) Importer(815301076,1909f56bfc062723c751e8b465ee728b)
Start importing Assets/Pixel Adventure 1/Assets/Main Characters/Ninja Frog/AnimationsFrog/Jump.anim using Guid(6ead662978538454cbb276ccaf8372a2) Importer(815301076,1909f56bfc062723c751e8b465ee728b)  -> (artifact id: '1ce185aab49d9434a12f23ff0beeb604') in 0.007403 seconds
  Import took 0.011433 seconds .

========================================================================
Received Import Request.
  Time since last request: 0.000660 seconds.
  path: Assets/Pixel Adventure 1/Assets/Main Characters/Ninja Frog/AnimationsFrog/Jump.anim
  artifactKey: Guid(6ead662978538454cbb276ccaf8372a2) Importer(815301076,1909f56bfc062723c751e8b465ee728b)
Start importing Assets/Pixel Adventure 1/Assets/Main Characters/Ninja Frog/AnimationsFrog/Jump.anim using Guid(6ead662978538454cbb276ccaf8372a2) Importer(815301076,1909f56bfc062723c751e8b465ee728b)  -> (artifact id: '1ce185aab49d9434a12f23ff0beeb604') in 0.003475 seconds
  Import took 0.007254 seconds .

========================================================================
Received Import Request.
  Time since last request: 0.289303 seconds.
  path: Assets/Pixel Adventure 1/Assets/Main Characters/Ninja Frog/AnimationsFrog/Run.anim
  artifactKey: Guid(c3bad6fd2c1447747aca8da6d936f59c) Importer(815301076,1909f56bfc062723c751e8b465ee728b)
Start importing Assets/Pixel Adventure 1/Assets/Main Characters/Ninja Frog/AnimationsFrog/Run.anim using Guid(c3bad6fd2c1447747aca8da6d936f59c) Importer(815301076,1909f56bfc062723c751e8b465ee728b)  -> (artifact id: '10d1adb9610702273243618bbd9af533') in 0.007414 seconds
  Import took 0.011028 seconds .

========================================================================
Received Import Request.
  Time since last request: 0.000948 seconds.
  path: Assets/Pixel Adventure 1/Assets/Main Characters/Ninja Frog/AnimationsFrog/Run.anim
  artifactKey: Guid(c3bad6fd2c1447747aca8da6d936f59c) Importer(815301076,1909f56bfc062723c751e8b465ee728b)
Start importing Assets/Pixel Adventure 1/Assets/Main Characters/Ninja Frog/AnimationsFrog/Run.anim using Guid(c3bad6fd2c1447747aca8da6d936f59c) Importer(815301076,1909f56bfc062723c751e8b465ee728b)  -> (artifact id: '10d1adb9610702273243618bbd9af533') in 0.002977 seconds
  Import took 0.007701 seconds .

========================================================================
Received Import Request.
  Time since last request: 0.648532 seconds.
  path: Assets/Pixel Adventure 1/Assets/Main Characters/Ninja Frog/AnimationsFrog/Frog.anim
  artifactKey: Guid(a73c709470c526c4988fe0b724c719fe) Importer(815301076,1909f56bfc062723c751e8b465ee728b)
Start importing Assets/Pixel Adventure 1/Assets/Main Characters/Ninja Frog/AnimationsFrog/Frog.anim using Guid(a73c709470c526c4988fe0b724c719fe) Importer(815301076,1909f56bfc062723c751e8b465ee728b)  -> (artifact id: '6d60ec7221744275a4de08c50d318dce') in 0.008255 seconds
  Import took 0.012297 seconds .

========================================================================
Received Import Request.
  Time since last request: 0.001561 seconds.
  path: Assets/Pixel Adventure 1/Assets/Main Characters/Ninja Frog/AnimationsFrog/Frog.anim
  artifactKey: Guid(a73c709470c526c4988fe0b724c719fe) Importer(815301076,1909f56bfc062723c751e8b465ee728b)
Start importing Assets/Pixel Adventure 1/Assets/Main Characters/Ninja Frog/AnimationsFrog/Frog.anim using Guid(a73c709470c526c4988fe0b724c719fe) Importer(815301076,1909f56bfc062723c751e8b465ee728b)  -> (artifact id: '6d60ec7221744275a4de08c50d318dce') in 0.003503 seconds
  Import took 0.007891 seconds .

========================================================================
Received Import Request.
  Time since last request: 0.282571 seconds.
  path: Assets/Pixel Adventure 1/Assets/Main Characters/Ninja Frog/AnimationsFrog/idle.anim
  artifactKey: Guid(7470272a0d3b4364c8bddbc7f3fcd44a) Importer(815301076,1909f56bfc062723c751e8b465ee728b)
Start importing Assets/Pixel Adventure 1/Assets/Main Characters/Ninja Frog/AnimationsFrog/idle.anim using Guid(7470272a0d3b4364c8bddbc7f3fcd44a) Importer(815301076,1909f56bfc062723c751e8b465ee728b)  -> (artifact id: 'a56579b2660f73cf8b17f540b4662518') in 0.007979 seconds
  Import took 0.011801 seconds .

========================================================================
Received Import Request.
  Time since last request: 0.003835 seconds.
  path: Assets/Pixel Adventure 1/Assets/Main Characters/Ninja Frog/AnimationsFrog/idle.anim
  artifactKey: Guid(7470272a0d3b4364c8bddbc7f3fcd44a) Importer(815301076,1909f56bfc062723c751e8b465ee728b)
Start importing Assets/Pixel Adventure 1/Assets/Main Characters/Ninja Frog/AnimationsFrog/idle.anim using Guid(7470272a0d3b4364c8bddbc7f3fcd44a) Importer(815301076,1909f56bfc062723c751e8b465ee728b)  -> (artifact id: 'a56579b2660f73cf8b17f540b4662518') in 0.002871 seconds
  Import took 0.007012 seconds .

========================================================================
Received Import Request.
  Time since last request: 27.935855 seconds.
  path: Assets/Pixel Adventure 1/Assets/Main Characters/Ninja Frog/AnimationsFrog/Hit.anim
  artifactKey: Guid(dc5428ae1aa51e74faffdc7e44e01394) Importer(815301076,1909f56bfc062723c751e8b465ee728b)
Start importing Assets/Pixel Adventure 1/Assets/Main Characters/Ninja Frog/AnimationsFrog/Hit.anim using Guid(dc5428ae1aa51e74faffdc7e44e01394) Importer(815301076,1909f56bfc062723c751e8b465ee728b)  -> (artifact id: 'fbca6854e8dd92c0faa30dea64296ec5') in 0.010193 seconds
  Import took 0.014520 seconds .

========================================================================
Received Import Request.
  Time since last request: 0.001237 seconds.
  path: Assets/Pixel Adventure 1/Assets/Main Characters/Ninja Frog/AnimationsFrog/Hit.anim
  artifactKey: Guid(dc5428ae1aa51e74faffdc7e44e01394) Importer(815301076,1909f56bfc062723c751e8b465ee728b)
Start importing Assets/Pixel Adventure 1/Assets/Main Characters/Ninja Frog/AnimationsFrog/Hit.anim using Guid(dc5428ae1aa51e74faffdc7e44e01394) Importer(815301076,1909f56bfc062723c751e8b465ee728b)  -> (artifact id: 'fbca6854e8dd92c0faa30dea64296ec5') in 0.002573 seconds
  Import took 0.007469 seconds .

========================================================================
Received Import Request.
  Time since last request: 210.471365 seconds.
  path: Assets/Scripts/PlayerRespawm.cs
  artifactKey: Guid(f62d037032aa22741997c39f8090b5e3) Importer(815301076,1909f56bfc062723c751e8b465ee728b)
Start importing Assets/Scripts/PlayerRespawm.cs using Guid(f62d037032aa22741997c39f8090b5e3) Importer(815301076,1909f56bfc062723c751e8b465ee728b)  -> (artifact id: '67f51ece55e1020f0aff9afbdfdc3930') in 0.008549 seconds
  Import took 0.012975 seconds .

========================================================================
Received Import Request.
  Time since last request: 0.000500 seconds.
  path: Assets/Scripts/PlayerRespawm.cs
  artifactKey: Guid(f62d037032aa22741997c39f8090b5e3) Importer(815301076,1909f56bfc062723c751e8b465ee728b)
Start importing Assets/Scripts/PlayerRespawm.cs using Guid(f62d037032aa22741997c39f8090b5e3) Importer(815301076,1909f56bfc062723c751e8b465ee728b)  -> (artifact id: '67f51ece55e1020f0aff9afbdfdc3930') in 0.002333 seconds
  Import took 0.005609 seconds .

========================================================================
Received Prepare
Registering precompiled user dll's ...
Registered in 0.002749 seconds.
Begin MonoManager ReloadAssembly
Native extension for WindowsStandalone target not found
Refreshing native plugins compatible for Editor in 0.45 ms, found 1 plugins.
Preloading 0 native plugins for Editor in 0.00 ms.
Mono: successfully reloaded assembly
- Completed reload, in  1.061 seconds
Platform modules already initialized, skipping
Refreshing native plugins compatible for Editor in 1.32 ms, found 1 plugins.
Preloading 0 native plugins for Editor in 0.00 ms.
Unloading 1810 Unused Serialized files (Serialized files now loaded: 0)
System memory in use before: 88.6 MB.
System memory in use after: 88.6 MB.

Unloading 12 unused Assets to reduce memory usage. Loaded Objects now: 2353.
Total: 4.305200 ms (FindLiveObjects: 1.139000 ms CreateObjectMapping: 0.257200 ms MarkObjects: 2.717400 ms  DeleteObjects: 0.188300 ms)

========================================================================
Received Import Request.
  Time since last request: 222.464955 seconds.
  path: Assets/Scripts/PlayerRespawm.cs
  artifactKey: Guid(f62d037032aa22741997c39f8090b5e3) Importer(815301076,1909f56bfc062723c751e8b465ee728b)
Start importing Assets/Scripts/PlayerRespawm.cs using Guid(f62d037032aa22741997c39f8090b5e3) Importer(815301076,1909f56bfc062723c751e8b465ee728b)  -> (artifact id: 'f0546a64b2cabab898575e188d164cf5') in 0.005951 seconds
  Import took 0.010148 seconds .

========================================================================
Received Import Request.
  Time since last request: 287.115186 seconds.
  path: Assets/Scripts/PlayerRespawm.cs
  artifactKey: Guid(f62d037032aa22741997c39f8090b5e3) Importer(815301076,1909f56bfc062723c751e8b465ee728b)
Start importing Assets/Scripts/PlayerRespawm.cs using Guid(f62d037032aa22741997c39f8090b5e3) Importer(815301076,1909f56bfc062723c751e8b465ee728b)  -> (artifact id: '8a779e6dbb4c3a88d3a7db8a431f11a9') in 0.002170 seconds
  Import took 0.006857 seconds .

========================================================================
Received Import Request.
  Time since last request: 0.002220 seconds.
  path: Assets/Scripts/PlayerRespawm.cs
  artifactKey: Guid(f62d037032aa22741997c39f8090b5e3) Importer(815301076,1909f56bfc062723c751e8b465ee728b)
Start importing Assets/Scripts/PlayerRespawm.cs using Guid(f62d037032aa22741997c39f8090b5e3) Importer(815301076,1909f56bfc062723c751e8b465ee728b)  -> (artifact id: '8a779e6dbb4c3a88d3a7db8a431f11a9') in 0.002674 seconds
  Import took 0.006726 seconds .

========================================================================
Received Import Request.
  Time since last request: 442.623133 seconds.
  path: Assets/Scripts/PlayerRespawm.cs
  artifactKey: Guid(f62d037032aa22741997c39f8090b5e3) Importer(815301076,1909f56bfc062723c751e8b465ee728b)
Start importing Assets/Scripts/PlayerRespawm.cs using Guid(f62d037032aa22741997c39f8090b5e3) Importer(815301076,1909f56bfc062723c751e8b465ee728b)  -> (artifact id: 'a040313200e0e745f69e32bc80424773') in 0.007575 seconds
  Import took 0.012182 seconds .

========================================================================
Received Import Request.
  Time since last request: 244.328169 seconds.
  path: Assets/Scripts/PlayerRespawm.cs
  artifactKey: Guid(f62d037032aa22741997c39f8090b5e3) Importer(815301076,1909f56bfc062723c751e8b465ee728b)
Start importing Assets/Scripts/PlayerRespawm.cs using Guid(f62d037032aa22741997c39f8090b5e3) Importer(815301076,1909f56bfc062723c751e8b465ee728b)  -> (artifact id: 'cc1dc02a1c3d90ac63dda0586fb61fd9') in 0.002049 seconds
  Import took 0.006620 seconds .

========================================================================
Received Import Request.
  Time since last request: 0.001558 seconds.
  path: Assets/Scripts/PlayerRespawm.cs
  artifactKey: Guid(f62d037032aa22741997c39f8090b5e3) Importer(815301076,1909f56bfc062723c751e8b465ee728b)
Start importing Assets/Scripts/PlayerRespawm.cs using Guid(f62d037032aa22741997c39f8090b5e3) Importer(815301076,1909f56bfc062723c751e8b465ee728b)  -> (artifact id: 'cc1dc02a1c3d90ac63dda0586fb61fd9') in 0.002345 seconds
  Import took 0.005861 seconds .

========================================================================
Received Import Request.
  Time since last request: 177.908835 seconds.
  path: Assets/Scripts/CheckPoint.cs
  artifactKey: Guid(fc780d8f39d7726459f492e2ca1ae97e) Importer(815301076,1909f56bfc062723c751e8b465ee728b)
Start importing Assets/Scripts/CheckPoint.cs using Guid(fc780d8f39d7726459f492e2ca1ae97e) Importer(815301076,1909f56bfc062723c751e8b465ee728b)  -> (artifact id: 'e254d31bda137f73d29b735944e89cbe') in 0.010612 seconds
  Import took 0.016560 seconds .

========================================================================
Received Import Request.
  Time since last request: 0.000435 seconds.
  path: Assets/Scripts/CheckPoint.cs
  artifactKey: Guid(fc780d8f39d7726459f492e2ca1ae97e) Importer(815301076,1909f56bfc062723c751e8b465ee728b)
Start importing Assets/Scripts/CheckPoint.cs using Guid(fc780d8f39d7726459f492e2ca1ae97e) Importer(815301076,1909f56bfc062723c751e8b465ee728b)  -> (artifact id: 'e254d31bda137f73d29b735944e89cbe') in 0.003006 seconds
  Import took 0.007250 seconds .

========================================================================
Received Import Request.
  Time since last request: 5.124641 seconds.
  path: Assets/Scripts/PlayerRespawm.cs
  artifactKey: Guid(f62d037032aa22741997c39f8090b5e3) Importer(815301076,1909f56bfc062723c751e8b465ee728b)
Start importing Assets/Scripts/PlayerRespawm.cs using Guid(f62d037032aa22741997c39f8090b5e3) Importer(815301076,1909f56bfc062723c751e8b465ee728b)  -> (artifact id: 'ad1997dcd549c65a17660b48084b4a8f') in 0.002118 seconds
  Import took 0.005568 seconds .

========================================================================
Received Import Request.
  Time since last request: 0.001047 seconds.
  path: Assets/Scripts/PlayerRespawm.cs
  artifactKey: Guid(f62d037032aa22741997c39f8090b5e3) Importer(815301076,1909f56bfc062723c751e8b465ee728b)
Start importing Assets/Scripts/PlayerRespawm.cs using Guid(f62d037032aa22741997c39f8090b5e3) Importer(815301076,1909f56bfc062723c751e8b465ee728b)  -> (artifact id: 'ad1997dcd549c65a17660b48084b4a8f') in 0.002275 seconds
  Import took 0.006163 seconds .

========================================================================
Received Prepare
Registering precompiled user dll's ...
Registered in 0.001086 seconds.
Begin MonoManager ReloadAssembly
Native extension for WindowsStandalone target not found
Refreshing native plugins compatible for Editor in 0.75 ms, found 1 plugins.
Preloading 0 native plugins for Editor in 0.00 ms.
Mono: successfully reloaded assembly
- Completed reload, in  0.885 seconds
Platform modules already initialized, skipping
Refreshing native plugins compatible for Editor in 0.68 ms, found 1 plugins.
Preloading 0 native plugins for Editor in 0.00 ms.
Unloading 1810 Unused Serialized files (Serialized files now loaded: 0)
System memory in use before: 88.6 MB.
System memory in use after: 88.6 MB.

Unloading 13 unused Assets to reduce memory usage. Loaded Objects now: 2357.
Total: 2.003000 ms (FindLiveObjects: 0.287600 ms CreateObjectMapping: 0.067100 ms MarkObjects: 1.506500 ms  DeleteObjects: 0.140700 ms)

========================================================================
Received Prepare
Registering precompiled user dll's ...
Registered in 0.003543 seconds.
Begin MonoManager ReloadAssembly
Native extension for WindowsStandalone target not found
Refreshing native plugins compatible for Editor in 0.45 ms, found 1 plugins.
Preloading 0 native plugins for Editor in 0.00 ms.
Mono: successfully reloaded assembly
- Completed reload, in  1.181 seconds
Platform modules already initialized, skipping
Refreshing native plugins compatible for Editor in 0.39 ms, found 1 plugins.
Preloading 0 native plugins for Editor in 0.00 ms.
Unloading 1810 Unused Serialized files (Serialized files now loaded: 0)
System memory in use before: 88.6 MB.
System memory in use after: 88.6 MB.

Unloading 12 unused Assets to reduce memory usage. Loaded Objects now: 2361.
Total: 4.762700 ms (FindLiveObjects: 0.448300 ms CreateObjectMapping: 0.140200 ms MarkObjects: 3.856600 ms  DeleteObjects: 0.313200 ms)

========================================================================
Received Prepare
Registering precompiled user dll's ...
Registered in 0.001272 seconds.
Begin MonoManager ReloadAssembly
Native extension for WindowsStandalone target not found
Refreshing native plugins compatible for Editor in 0.84 ms, found 1 plugins.
Preloading 0 native plugins for Editor in 0.00 ms.
Mono: successfully reloaded assembly
- Completed reload, in  1.188 seconds
Platform modules already initialized, skipping
Refreshing native plugins compatible for Editor in 1.70 ms, found 1 plugins.
Preloading 0 native plugins for Editor in 0.00 ms.
Unloading 1811 Unused Serialized files (Serialized files now loaded: 0)
System memory in use before: 88.7 MB.
System memory in use after: 88.6 MB.

Unloading 12 unused Assets to reduce memory usage. Loaded Objects now: 2366.
Total: 13.499100 ms (FindLiveObjects: 5.269100 ms CreateObjectMapping: 0.382900 ms MarkObjects: 7.058100 ms  DeleteObjects: 0.782700 ms)

========================================================================
Received Prepare
Registering precompiled user dll's ...
Registered in 0.001101 seconds.
Begin MonoManager ReloadAssembly
Native extension for WindowsStandalone target not found
Refreshing native plugins compatible for Editor in 0.72 ms, found 1 plugins.
Preloading 0 native plugins for Editor in 0.00 ms.
Mono: successfully reloaded assembly
- Completed reload, in  1.030 seconds
Platform modules already initialized, skipping
Refreshing native plugins compatible for Editor in 0.38 ms, found 1 plugins.
Preloading 0 native plugins for Editor in 0.00 ms.
Unloading 1811 Unused Serialized files (Serialized files now loaded: 0)
System memory in use before: 88.7 MB.
System memory in use after: 88.6 MB.

Unloading 12 unused Assets to reduce memory usage. Loaded Objects now: 2370.
Total: 2.962100 ms (FindLiveObjects: 0.316900 ms CreateObjectMapping: 0.105700 ms MarkObjects: 2.410200 ms  DeleteObjects: 0.127400 ms)

========================================================================
Received Import Request.
  Time since last request: 1567.815019 seconds.
  path: Assets/Animations/Checkpoint (Flag Out) (64x64)_0.controller
  artifactKey: Guid(e337ef239fabd62458e08f0d97382a12) Importer(815301076,1909f56bfc062723c751e8b465ee728b)
Start importing Assets/Animations/Checkpoint (Flag Out) (64x64)_0.controller using Guid(e337ef239fabd62458e08f0d97382a12) Importer(815301076,1909f56bfc062723c751e8b465ee728b)  -> (artifact id: '48fbf3ac346115ef360f4658ef1adee9') in 0.037942 seconds
  Import took 0.044035 seconds .

========================================================================
Received Import Request.
  Time since last request: 2.994333 seconds.
  path: Assets/Animations/Checkpoint (Flag Idle)(64x64)_0.controller
  artifactKey: Guid(4a67c8b70ab26ba41a9ca27329d96928) Importer(815301076,1909f56bfc062723c751e8b465ee728b)
Start importing Assets/Animations/Checkpoint (Flag Idle)(64x64)_0.controller using Guid(4a67c8b70ab26ba41a9ca27329d96928) Importer(815301076,1909f56bfc062723c751e8b465ee728b)  -> (artifact id: '5d9a40af1562f49c8a679ad96f4e68a1') in 0.043135 seconds
  Import took 0.046363 seconds .

========================================================================
Received Import Request.
  Time since last request: 13.019748 seconds.
  path: Assets/Animations/Checkpoint (Flag Idle)(64x64)_0 1.controller
  artifactKey: Guid(2e72ced71bfb4d6429f44605c823659d) Importer(815301076,1909f56bfc062723c751e8b465ee728b)
Start importing Assets/Animations/Checkpoint (Flag Idle)(64x64)_0 1.controller using Guid(2e72ced71bfb4d6429f44605c823659d) Importer(815301076,1909f56bfc062723c751e8b465ee728b)  -> (artifact id: 'e648428a95df4360afcb3cda4da70fbd') in 0.011130 seconds
  Import took 0.016730 seconds .

========================================================================
Received Import Request.
  Time since last request: 136.962726 seconds.
  path: Assets/Animations/Background.controller
  artifactKey: Guid(d7feb9098305fc148a769471b6c092f6) Importer(815301076,1909f56bfc062723c751e8b465ee728b)
Start importing Assets/Animations/Background.controller using Guid(d7feb9098305fc148a769471b6c092f6) Importer(815301076,1909f56bfc062723c751e8b465ee728b)  -> (artifact id: 'a1d73ab697165fb078382db90f6665ce') in 0.003479 seconds
  Import took 0.009368 seconds .

========================================================================
Received Prepare
Registering precompiled user dll's ...
Registered in 0.001021 seconds.
Begin MonoManager ReloadAssembly
Native extension for WindowsStandalone target not found
Refreshing native plugins compatible for Editor in 0.77 ms, found 1 plugins.
Preloading 0 native plugins for Editor in 0.00 ms.
Mono: successfully reloaded assembly
- Completed reload, in  1.044 seconds
Platform modules already initialized, skipping
Refreshing native plugins compatible for Editor in 1.59 ms, found 1 plugins.
Preloading 0 native plugins for Editor in 0.00 ms.
Unloading 1811 Unused Serialized files (Serialized files now loaded: 0)
System memory in use before: 88.7 MB.
System memory in use after: 88.6 MB.

Unloading 12 unused Assets to reduce memory usage. Loaded Objects now: 2374.
Total: 6.899100 ms (FindLiveObjects: 0.368500 ms CreateObjectMapping: 0.142000 ms MarkObjects: 6.197200 ms  DeleteObjects: 0.189900 ms)

========================================================================
Received Prepare
Registering precompiled user dll's ...
Registered in 0.001057 seconds.
Begin MonoManager ReloadAssembly
Native extension for WindowsStandalone target not found
Refreshing native plugins compatible for Editor in 0.38 ms, found 1 plugins.
Preloading 0 native plugins for Editor in 0.00 ms.
Mono: successfully reloaded assembly
- Completed reload, in  0.904 seconds
Platform modules already initialized, skipping
Refreshing native plugins compatible for Editor in 0.64 ms, found 1 plugins.
Preloading 0 native plugins for Editor in 0.00 ms.
Unloading 1811 Unused Serialized files (Serialized files now loaded: 0)
System memory in use before: 88.7 MB.
System memory in use after: 88.7 MB.

Unloading 12 unused Assets to reduce memory usage. Loaded Objects now: 2378.
Total: 3.768300 ms (FindLiveObjects: 0.343000 ms CreateObjectMapping: 0.190400 ms MarkObjects: 3.039000 ms  DeleteObjects: 0.192400 ms)

========================================================================
Received Prepare
Registering precompiled user dll's ...
Registered in 0.001194 seconds.
Begin MonoManager ReloadAssembly
Native extension for WindowsStandalone target not found
Refreshing native plugins compatible for Editor in 0.78 ms, found 1 plugins.
Preloading 0 native plugins for Editor in 0.00 ms.
Mono: successfully reloaded assembly
- Completed reload, in  0.921 seconds
Platform modules already initialized, skipping
Refreshing native plugins compatible for Editor in 0.53 ms, found 1 plugins.
Preloading 0 native plugins for Editor in 0.00 ms.
Unloading 1811 Unused Serialized files (Serialized files now loaded: 0)
System memory in use before: 88.7 MB.
System memory in use after: 88.7 MB.

Unloading 12 unused Assets to reduce memory usage. Loaded Objects now: 2382.
Total: 3.498200 ms (FindLiveObjects: 0.268100 ms CreateObjectMapping: 0.085500 ms MarkObjects: 2.976100 ms  DeleteObjects: 0.167400 ms)

========================================================================
Received Prepare
Registering precompiled user dll's ...
Registered in 0.001059 seconds.
Begin MonoManager ReloadAssembly
Native extension for WindowsStandalone target not found
Refreshing native plugins compatible for Editor in 0.36 ms, found 1 plugins.
Preloading 0 native plugins for Editor in 0.00 ms.
Mono: successfully reloaded assembly
- Completed reload, in  0.888 seconds
Platform modules already initialized, skipping
Refreshing native plugins compatible for Editor in 0.41 ms, found 1 plugins.
Preloading 0 native plugins for Editor in 0.00 ms.
Unloading 1811 Unused Serialized files (Serialized files now loaded: 0)
System memory in use before: 88.7 MB.
System memory in use after: 88.7 MB.

Unloading 12 unused Assets to reduce memory usage. Loaded Objects now: 2386.
Total: 2.580000 ms (FindLiveObjects: 0.268100 ms CreateObjectMapping: 0.095000 ms MarkObjects: 2.041500 ms  DeleteObjects: 0.174600 ms)

========================================================================
Received Prepare
Registering precompiled user dll's ...
Registered in 0.001066 seconds.
Begin MonoManager ReloadAssembly
Native extension for WindowsStandalone target not found
Refreshing native plugins compatible for Editor in 0.76 ms, found 1 plugins.
Preloading 0 native plugins for Editor in 0.00 ms.
Mono: successfully reloaded assembly
- Completed reload, in  0.966 seconds
Platform modules already initialized, skipping
Refreshing native plugins compatible for Editor in 0.83 ms, found 1 plugins.
Preloading 0 native plugins for Editor in 0.00 ms.
Unloading 1811 Unused Serialized files (Serialized files now loaded: 0)
System memory in use before: 88.7 MB.
System memory in use after: 88.7 MB.

Unloading 12 unused Assets to reduce memory usage. Loaded Objects now: 2390.
Total: 2.507400 ms (FindLiveObjects: 0.307900 ms CreateObjectMapping: 0.106700 ms MarkObjects: 1.929500 ms  DeleteObjects: 0.162000 ms)

========================================================================
Received Prepare
Registering precompiled user dll's ...
Registered in 0.001141 seconds.
Begin MonoManager ReloadAssembly
Native extension for WindowsStandalone target not found
Refreshing native plugins compatible for Editor in 0.40 ms, found 1 plugins.
Preloading 0 native plugins for Editor in 0.00 ms.
Mono: successfully reloaded assembly
- Completed reload, in  0.898 seconds
Platform modules already initialized, skipping
Refreshing native plugins compatible for Editor in 0.39 ms, found 1 plugins.
Preloading 0 native plugins for Editor in 0.00 ms.
Unloading 1811 Unused Serialized files (Serialized files now loaded: 0)
System memory in use before: 88.7 MB.
System memory in use after: 88.7 MB.

Unloading 12 unused Assets to reduce memory usage. Loaded Objects now: 2394.
Total: 3.606500 ms (FindLiveObjects: 0.294000 ms CreateObjectMapping: 0.073800 ms MarkObjects: 3.088000 ms  DeleteObjects: 0.149000 ms)

========================================================================
Received Import Request.
  Time since last request: 184.717095 seconds.
  path: Assets/Scripts/CheckPoint.cs
  artifactKey: Guid(fc780d8f39d7726459f492e2ca1ae97e) Importer(815301076,1909f56bfc062723c751e8b465ee728b)
Start importing Assets/Scripts/CheckPoint.cs using Guid(fc780d8f39d7726459f492e2ca1ae97e) Importer(815301076,1909f56bfc062723c751e8b465ee728b)  -> (artifact id: '8588cc702033c130855093a90e7c9ad8') in 0.009475 seconds
  Import took 0.012958 seconds .

========================================================================
Received Prepare
Registering precompiled user dll's ...
Registered in 0.001046 seconds.
Begin MonoManager ReloadAssembly
Native extension for WindowsStandalone target not found
Refreshing native plugins compatible for Editor in 0.42 ms, found 1 plugins.
Preloading 0 native plugins for Editor in 0.00 ms.
Mono: successfully reloaded assembly
- Completed reload, in  0.927 seconds
Platform modules already initialized, skipping
Refreshing native plugins compatible for Editor in 0.69 ms, found 1 plugins.
Preloading 0 native plugins for Editor in 0.00 ms.
Unloading 1811 Unused Serialized files (Serialized files now loaded: 0)
System memory in use before: 88.7 MB.
System memory in use after: 88.7 MB.

Unloading 12 unused Assets to reduce memory usage. Loaded Objects now: 2398.
Total: 3.228100 ms (FindLiveObjects: 0.352600 ms CreateObjectMapping: 0.144400 ms MarkObjects: 2.592700 ms  DeleteObjects: 0.137300 ms)

========================================================================
Received Prepare
Registering precompiled user dll's ...
Registered in 0.001172 seconds.
Begin MonoManager ReloadAssembly
Native extension for WindowsStandalone target not found
Refreshing native plugins compatible for Editor in 0.43 ms, found 1 plugins.
Preloading 0 native plugins for Editor in 0.00 ms.
Mono: successfully reloaded assembly
- Completed reload, in  0.904 seconds
Platform modules already initialized, skipping
Refreshing native plugins compatible for Editor in 1.14 ms, found 1 plugins.
Preloading 0 native plugins for Editor in 0.00 ms.
Unloading 1811 Unused Serialized files (Serialized files now loaded: 0)
System memory in use before: 88.7 MB.
System memory in use after: 88.7 MB.

Unloading 12 unused Assets to reduce memory usage. Loaded Objects now: 2402.
Total: 2.372700 ms (FindLiveObjects: 0.357100 ms CreateObjectMapping: 0.106500 ms MarkObjects: 1.800500 ms  DeleteObjects: 0.106700 ms)

========================================================================
Received Prepare
Registering precompiled user dll's ...
Registered in 0.000999 seconds.
Begin MonoManager ReloadAssembly
Native extension for WindowsStandalone target not found
Refreshing native plugins compatible for Editor in 0.44 ms, found 1 plugins.
Preloading 0 native plugins for Editor in 0.00 ms.
Mono: successfully reloaded assembly
- Completed reload, in  0.959 seconds
Platform modules already initialized, skipping
Refreshing native plugins compatible for Editor in 0.37 ms, found 1 plugins.
Preloading 0 native plugins for Editor in 0.00 ms.
Unloading 1811 Unused Serialized files (Serialized files now loaded: 0)
System memory in use before: 88.8 MB.
System memory in use after: 88.7 MB.

Unloading 12 unused Assets to reduce memory usage. Loaded Objects now: 2406.
Total: 2.350200 ms (FindLiveObjects: 0.245700 ms CreateObjectMapping: 0.061800 ms MarkObjects: 1.862100 ms  DeleteObjects: 0.179400 ms)

========================================================================
Received Prepare
Registering precompiled user dll's ...
Registered in 0.001026 seconds.
Begin MonoManager ReloadAssembly
Native extension for WindowsStandalone target not found
Refreshing native plugins compatible for Editor in 0.37 ms, found 1 plugins.
Preloading 0 native plugins for Editor in 0.00 ms.
Mono: successfully reloaded assembly
- Completed reload, in  0.831 seconds
Platform modules already initialized, skipping
Refreshing native plugins compatible for Editor in 0.58 ms, found 1 plugins.
Preloading 0 native plugins for Editor in 0.00 ms.
Unloading 1811 Unused Serialized files (Serialized files now loaded: 0)
System memory in use before: 88.8 MB.
System memory in use after: 88.7 MB.

Unloading 12 unused Assets to reduce memory usage. Loaded Objects now: 2410.
Total: 3.067500 ms (FindLiveObjects: 0.346200 ms CreateObjectMapping: 0.108100 ms MarkObjects: 2.491200 ms  DeleteObjects: 0.120300 ms)

========================================================================
Received Import Request.
  Time since last request: 187.932796 seconds.
  path: Assets/Pixel Adventure 1/Assets/Main Characters/Ninja Frog/AnimationsFrog/Hit.anim
  artifactKey: Guid(dc5428ae1aa51e74faffdc7e44e01394) Importer(815301076,1909f56bfc062723c751e8b465ee728b)
Start importing Assets/Pixel Adventure 1/Assets/Main Characters/Ninja Frog/AnimationsFrog/Hit.anim using Guid(dc5428ae1aa51e74faffdc7e44e01394) Importer(815301076,1909f56bfc062723c751e8b465ee728b)  -> (artifact id: '3175055fc08ad89c2b4eeb92c0cc1370') in 0.013607 seconds
  Import took 0.021878 seconds .

========================================================================
Received Import Request.
  Time since last request: 20.976618 seconds.
  path: Assets/Pixel Adventure 1/Assets/Main Characters/Ninja Frog/AnimationsFrog/AnimationFrog.controller
  artifactKey: Guid(6a81a951954c2ea4081b1b16bae63ff1) Importer(815301076,1909f56bfc062723c751e8b465ee728b)
Start importing Assets/Pixel Adventure 1/Assets/Main Characters/Ninja Frog/AnimationsFrog/AnimationFrog.controller using Guid(6a81a951954c2ea4081b1b16bae63ff1) Importer(815301076,1909f56bfc062723c751e8b465ee728b)  -> (artifact id: 'fdb4c693e308a4aae3e50550e91bc454') in 0.017453 seconds
  Import took 0.024421 seconds .

========================================================================
Received Import Request.
  Time since last request: 0.001160 seconds.
  path: Assets/Pixel Adventure 1/Assets/Main Characters/Ninja Frog/AnimationsFrog/AnimationFrog.controller
  artifactKey: Guid(6a81a951954c2ea4081b1b16bae63ff1) Importer(815301076,1909f56bfc062723c751e8b465ee728b)
Start importing Assets/Pixel Adventure 1/Assets/Main Characters/Ninja Frog/AnimationsFrog/AnimationFrog.controller using Guid(6a81a951954c2ea4081b1b16bae63ff1) Importer(815301076,1909f56bfc062723c751e8b465ee728b)  -> (artifact id: 'fdb4c693e308a4aae3e50550e91bc454') in 0.004039 seconds
  Import took 0.009159 seconds .

========================================================================
Received Prepare
Registering precompiled user dll's ...
Registered in 0.001564 seconds.
Begin MonoManager ReloadAssembly
Native extension for WindowsStandalone target not found
Refreshing native plugins compatible for Editor in 1.28 ms, found 1 plugins.
Preloading 0 native plugins for Editor in 0.00 ms.
Mono: successfully reloaded assembly
- Completed reload, in  1.047 seconds
Platform modules already initialized, skipping
Refreshing native plugins compatible for Editor in 0.37 ms, found 1 plugins.
Preloading 0 native plugins for Editor in 0.00 ms.
Unloading 1811 Unused Serialized files (Serialized files now loaded: 0)
System memory in use before: 88.8 MB.
System memory in use after: 88.7 MB.

Unloading 12 unused Assets to reduce memory usage. Loaded Objects now: 2414.
Total: 2.417500 ms (FindLiveObjects: 0.440500 ms CreateObjectMapping: 0.087100 ms MarkObjects: 1.782600 ms  DeleteObjects: 0.104900 ms)

========================================================================
Received Prepare
Registering precompiled user dll's ...
Registered in 0.001571 seconds.
Begin MonoManager ReloadAssembly
Native extension for WindowsStandalone target not found
Refreshing native plugins compatible for Editor in 0.75 ms, found 1 plugins.
Preloading 0 native plugins for Editor in 0.00 ms.
Mono: successfully reloaded assembly
- Completed reload, in  1.046 seconds
Platform modules already initialized, skipping
Refreshing native plugins compatible for Editor in 0.40 ms, found 1 plugins.
Preloading 0 native plugins for Editor in 0.00 ms.
Unloading 1811 Unused Serialized files (Serialized files now loaded: 0)
System memory in use before: 88.8 MB.
System memory in use after: 88.8 MB.

Unloading 12 unused Assets to reduce memory usage. Loaded Objects now: 2418.
Total: 2.241000 ms (FindLiveObjects: 0.244200 ms CreateObjectMapping: 0.066700 ms MarkObjects: 1.818700 ms  DeleteObjects: 0.110100 ms)

========================================================================
Received Prepare
Registering precompiled user dll's ...
Registered in 0.001078 seconds.
Begin MonoManager ReloadAssembly
Native extension for WindowsStandalone target not found
Refreshing native plugins compatible for Editor in 0.37 ms, found 1 plugins.
Preloading 0 native plugins for Editor in 0.00 ms.
Mono: successfully reloaded assembly
- Completed reload, in  0.911 seconds
Platform modules already initialized, skipping
Refreshing native plugins compatible for Editor in 0.39 ms, found 1 plugins.
Preloading 0 native plugins for Editor in 0.00 ms.
Unloading 1811 Unused Serialized files (Serialized files now loaded: 0)
System memory in use before: 88.8 MB.
System memory in use after: 88.8 MB.

Unloading 12 unused Assets to reduce memory usage. Loaded Objects now: 2422.
Total: 2.488600 ms (FindLiveObjects: 0.352000 ms CreateObjectMapping: 0.106800 ms MarkObjects: 1.892500 ms  DeleteObjects: 0.136200 ms)

========================================================================
Received Import Request.
  Time since last request: 379.900942 seconds.
  path: Assets/Pixel Adventure 1/Assets/Main Characters/Ninja Frog/AnimationsFrog/Frog.anim
  artifactKey: Guid(a73c709470c526c4988fe0b724c719fe) Importer(815301076,1909f56bfc062723c751e8b465ee728b)
Start importing Assets/Pixel Adventure 1/Assets/Main Characters/Ninja Frog/AnimationsFrog/Frog.anim using Guid(a73c709470c526c4988fe0b724c719fe) Importer(815301076,1909f56bfc062723c751e8b465ee728b)  -> (artifact id: 'db3f3da2609b1fe5b7babc582a792608') in 0.025657 seconds
  Import took 0.030233 seconds .

========================================================================
Received Prepare
Registering precompiled user dll's ...
Registered in 0.001506 seconds.
Begin MonoManager ReloadAssembly
Native extension for WindowsStandalone target not found
Refreshing native plugins compatible for Editor in 0.58 ms, found 1 plugins.
Preloading 0 native plugins for Editor in 0.00 ms.
Mono: successfully reloaded assembly
- Completed reload, in  0.876 seconds
Platform modules already initialized, skipping
Refreshing native plugins compatible for Editor in 0.39 ms, found 1 plugins.
Preloading 0 native plugins for Editor in 0.00 ms.
Unloading 1811 Unused Serialized files (Serialized files now loaded: 0)
System memory in use before: 88.8 MB.
System memory in use after: 88.8 MB.

Unloading 12 unused Assets to reduce memory usage. Loaded Objects now: 2426.
Total: 2.325800 ms (FindLiveObjects: 0.273100 ms CreateObjectMapping: 0.070200 ms MarkObjects: 1.863900 ms  DeleteObjects: 0.117700 ms)

========================================================================
Received Prepare
Registering precompiled user dll's ...
Registered in 0.001057 seconds.
Begin MonoManager ReloadAssembly
Native extension for WindowsStandalone target not found
Refreshing native plugins compatible for Editor in 0.44 ms, found 1 plugins.
Preloading 0 native plugins for Editor in 0.00 ms.
Mono: successfully reloaded assembly
- Completed reload, in  0.884 seconds
Platform modules already initialized, skipping
Refreshing native plugins compatible for Editor in 0.42 ms, found 1 plugins.
Preloading 0 native plugins for Editor in 0.00 ms.
Unloading 1811 Unused Serialized files (Serialized files now loaded: 0)
System memory in use before: 88.8 MB.
System memory in use after: 88.8 MB.

Unloading 12 unused Assets to reduce memory usage. Loaded Objects now: 2430.
Total: 2.306200 ms (FindLiveObjects: 0.298000 ms CreateObjectMapping: 0.064700 ms MarkObjects: 1.808800 ms  DeleteObjects: 0.133400 ms)

AssetImportWorkerClient::OnTransportError - code=2 error=End of file
